<?xml version="1.0" encoding="UTF-8"?>
<!-- Generated by org.testng.reporters.JUnitReportReporter -->
<testsuite skipped="0" hostname="US-BK14RF2" name="com.qa.hubspot.tests.HomePageTest" tests="3" failures="0" timestamp="2020-05-28T17:40:29 CDT" time="8.142" errors="0">
  <testcase name="verifyHomePageHeaderTextTest" time="2.883" classname="com.qa.hubspot.tests.HomePageTest"/>
  <system-out/>
  <testcase name="verifyHomepageTitleTest" time="0.016" classname="com.qa.hubspot.tests.HomePageTest"/>
  <system-out/>
  <testcase name="verifyLoggedInUserTest" time="5.243" classname="com.qa.hubspot.tests.HomePageTest"/>
  <system-out/>
</testsuite> <!-- com.qa.hubspot.tests.HomePageTest -->
