<?xml version="1.0" encoding="UTF-8"?>
<!-- Generated by org.testng.reporters.JUnitReportReporter -->
<testsuite skipped="0" hostname="US-BK14RF2" name="com.qa.hubspot.tests.ContactsPageTest" tests="3" failures="0" timestamp="2020-06-02T16:02:11 CDT" time="16.895" errors="0">
  <testcase name="verifyContactsPageTitleTest" time="0.183" classname="com.qa.hubspot.tests.ContactsPageTest"/>
  <system-out/>
  <testcase name="verifyCreateContactTest" time="8.396" classname="com.qa.hubspot.tests.ContactsPageTest"/>
  <system-out/>
  <testcase name="verifyCreateContactTest" time="8.316" classname="com.qa.hubspot.tests.ContactsPageTest"/>
  <system-out/>
</testsuite> <!-- com.qa.hubspot.tests.ContactsPageTest -->
