<?xml version="1.0" encoding="UTF-8"?>
<!-- Generated by org.testng.reporters.JUnitReportReporter -->
<testsuite skipped="0" hostname="US-BK14RF2" name="com.qa.hubspot.tests.LoginPageTest" tests="4" failures="0" timestamp="2020-06-07T07:21:58 CDT" time="5.980" errors="0">
  <testcase name="verifySignUpLinkTest" time="5.247" classname="com.qa.hubspot.tests.LoginPageTest"/>
  <system-out/>
  <testcase name="verifyGetLoginPagetitleTest" time="0.053" classname="com.qa.hubspot.tests.LoginPageTest"/>
  <system-out/>
  <testcase name="verifySignUpWithGoogleTest" time="0.062" classname="com.qa.hubspot.tests.LoginPageTest"/>
  <system-out/>
  <testcase name="verifyDoLoginTest" time="0.618" classname="com.qa.hubspot.tests.LoginPageTest"/>
  <system-out/>
</testsuite> <!-- com.qa.hubspot.tests.LoginPageTest -->
