<?xml version="1.0" encoding="UTF-8"?>
<!-- Generated by org.testng.reporters.JUnitReportReporter -->
<testsuite skipped="0" hostname="US-BK14RF2" name="com.qa.hubspot.tests.ContactsVerificationPageTest" tests="1" failures="0" timestamp="2020-05-31T11:16:26 CDT" time="0.005" errors="0">
  <testcase name="verifyContactNameHeaderTest" time="0.005" classname="com.qa.hubspot.tests.ContactsVerificationPageTest"/>
  <system-out/>
</testsuite> <!-- com.qa.hubspot.tests.ContactsVerificationPageTest -->
