<?xml version="1.0" encoding="UTF-8"?>
<!-- Generated by org.testng.reporters.JUnitReportReporter -->
<testsuite skipped="0" hostname="US-BK14RF2" name="com.qa.hubspot.tests.LoginPageTest" tests="4" failures="0" timestamp="11 Jun 2020 13:59:05 GMT" time="5.426" errors="0">
  <testcase name="verifySignUpLinkTest" time="4.663" classname="com.qa.hubspot.tests.LoginPageTest"/>
  <testcase name="verifyGetLoginPagetitleTest" time="0.077" classname="com.qa.hubspot.tests.LoginPageTest"/>
  <testcase name="verifySignUpWithGoogleTest" time="0.104" classname="com.qa.hubspot.tests.LoginPageTest"/>
  <testcase name="verifyDoLoginTest" time="0.582" classname="com.qa.hubspot.tests.LoginPageTest"/>
</testsuite> <!-- com.qa.hubspot.tests.LoginPageTest -->
