<?xml version="1.0" encoding="UTF-8"?>
<!-- Generated by org.testng.reporters.JUnitReportReporter -->
<testsuite hostname="US-BK14RF2" name="com.qa.hubspot.tests.LoginPageTest" tests="4" failures="0" timestamp="9 Jun 2020 20:57:08 GMT" time="6.115" errors="0">
  <testcase name="verifyDoLoginTest" time="0.802" classname="com.qa.hubspot.tests.LoginPageTest"/>
  <testcase name="verifySignUpLinkTest" time="4.775" classname="com.qa.hubspot.tests.LoginPageTest"/>
  <testcase name="verifySignUpWithGoogleTest" time="0.352" classname="com.qa.hubspot.tests.LoginPageTest"/>
  <testcase name="verifyGetLoginPagetitleTest" time="0.186" classname="com.qa.hubspot.tests.LoginPageTest"/>
</testsuite> <!-- com.qa.hubspot.tests.LoginPageTest -->
